    1   114786    98725880    62649   94843026        0       0  
    2   110699    98272802    62539   94684046        1    1514  
    3   108786    96500164    61410   92970060        1    1514  
    4   111090    98354940    62578   94743092        0       0  
    5   114251   101597782    64666   97904324        0       0  
    6   111088    99058620    63067   95483438        0       0  
    7   113754   101103133    64348   97422872        0       0  
    8   108404    97040668    61803   93566478        0       0  
    9   112917   100199362    63765   96540210        0       0  
   10   113402   100436604    63902   96747628        1    1514  
   11   109806    97772464    62240   94231360        0       0  
   12   111845    99375694    63247   95755958        0       0  
   13   112170    99776444    63508   96151112        0       0  
   14   110618    98982560    63037   95438018        0       0  
   15   111871   100063170    63721   96473594        1    1514  
   16   108584    97453152    62083   93993662        0       0  
   17   110396    99088480    63124   95569736        0       0  
   18   103953    92942438    59183   89600406        0       0  
   19   109318    98074412    62475   94587150        0       0  
   20   109344    97934364    62372   94431208        0       0  
   21   110495    98503446    62712   94944016        0       0  
   22   107388    95660488    60895   92195030        0       0  
   23   106482    94695552    60270   91248300        0       0  
   24   106305    95147274    60597   91742162        0       0  
   25   105124    92750088    58984   89300080        1    1514  
   26   106303    94257730    59973   90795858        0       0  
   27   104442    93260320    59379   89898462        0       0  
   28    93992    83301040    52996   80234408        0       0  
   29    97489    86451966    55004   83270648        2    3028  
   30   100412    89197168    56760   85931920        0       0  
   31    99410    88484072    56315   85259054        2    3028  
   32   103840    91991024    58525   88601282        0       0  
   33   100410    88822396    56502   85535324        0       0  
   34   104527    92758902    59021   89355906        0       0  
   35   104001    93558722    59609   90245370        0       0  
   36    59775    53139094    33822   51200204        0       0  
